This mapping 'snapshot_20171003' was designed for MC 1.12! Use at your own peril.This mapping 'snapshot_20171003' was designed for MC 1.12! Use at your own peril.

:deobfCompileDummyTask
:getVersionJson
:extractUserdev UP-TO-DATE
:downloadClient SKIPPED
:downloadServer SKIPPED
:splitServerJar SKIPPED
:mergeJars SKIPPED
:applyBinaryPatches SKIPPED
:deobfProvidedDummyTask
:extractDependencyATs SKIPPED
:extractMcpData SKIPPED
:extractMcpMappings SKIPPED
:genSrgs SKIPPED
:deobfMcMCP SKIPPED
:extractNatives SKIPPED
:getAssetIndex UP-TO-DATE
:getAssets
Current status: 1304/1305   99%
:makeStart
:setupDevWorkspace

BUILD SUCCESSFUL

Total time: 13.143 secs
